<?xml version="1.0" encoding="UTF-8"?>
<!-- Generated by org.testng.reporters.JUnitXMLReporter -->
<testsuite ignored="0" hostname="DESKTOP-PDDGBC5" failures="2" tests="19" name="Report Test" time="935.914" errors="0" timestamp="2024-07-02T16:07:57 IST">
  <testcase classname="test.ResetPageTest" name="verifyErrorMessageWithInvalidEmailidOnForgotPassword" time="11.161"/>
  <testcase classname="test.ResetPageTest" name="verifyResetPassword" time="7.104"/>
  <testcase classname="test.UserManagementPageTest" name="verifyUsersOptionIsEnabled" time="11.863"/>
  <testcase classname="test.MyProfilePageTest" name="verifyEditProfile" time="25.842">
    <skipped/>
  </testcase> <!-- verifyEditProfile -->
  <testcase classname="test.MyProfilePageTest" name="verifyEditProfile" time="19.641">
    <skipped/>
  </testcase> <!-- verifyEditProfile -->
  <testcase classname="test.MyProfilePageTest" name="verifyEditProfile" time="15.25">
    <skipped/>
  </testcase> <!-- verifyEditProfile -->
  <testcase classname="test.MyProfilePageTest" name="verifyEditProfile" time="13.164">
    <failure type="java.lang.AssertionError" message="Profile updation failed expected [XYZ Boyer] but found [admin Boyer]">
      <![CDATA[java.lang.AssertionError: Profile updation failed expected [XYZ Boyer] but found [admin Boyer]
at test.MyProfilePageTest.verifyEditProfile(MyProfilePageTest.java:31)
at java.base/java.util.ArrayList.forEach(ArrayList.java:1511)
... Removed 32 stack frames]]>
    </failure>
  </testcase> <!-- verifyEditProfile -->
  <testcase classname="test.LoginPageTest" name="verifErrorMessageWhileUserLoginwithInvalidCredentials" time="1.545"/>
  <testcase classname="test.LoginPageTest" name="verifErrorMessageWhileUserLoginwithInvalidCredentials" time="1.543"/>
  <testcase classname="test.LoginPageTest" name="verifErrorMessageWhileUserLoginwithInvalidCredentials" time="1.936"/>
  <testcase classname="test.LoginPageTest" name="verifyUserLoginwithValidCredentials" time="8.784">
    <skipped/>
  </testcase> <!-- verifyUserLoginwithValidCredentials -->
  <testcase classname="test.LoginPageTest" name="verifyUserLoginwithValidCredentials" time="6.785">
    <skipped/>
  </testcase> <!-- verifyUserLoginwithValidCredentials -->
  <testcase classname="test.LoginPageTest" name="verifyUserLoginwithValidCredentials" time="6.274">
    <skipped/>
  </testcase> <!-- verifyUserLoginwithValidCredentials -->
  <testcase classname="test.LoginPageTest" name="verifyUserLoginwithValidCredentials" time="19.99">
    <failure type="java.lang.AssertionError" message="Invalid user expected [Welcome XYZ,] but found [Welcome admin,]">
      <![CDATA[java.lang.AssertionError: Invalid user expected [Welcome XYZ,] but found [Welcome admin,]
at test.LoginPageTest.verifyUserLoginwithValidCredentials(LoginPageTest.java:28)
at java.base/java.util.ArrayList.forEach(ArrayList.java:1511)
... Removed 32 stack frames]]>
    </failure>
  </testcase> <!-- verifyUserLoginwithValidCredentials -->
  <testcase classname="test.HomePageTest" name="verifyHomePageTitle" time="5.725"/>
  <testcase classname="test.HomePageTest" name="verifyUserLoginDate" time="4.512"/>
  <testcase classname="test.AddUserPageTest" name="verifyAddUser" time="17.265"/>
  <testcase classname="test.AddUserPageTest" name="verifyNewlyRegisteredUser" time="62.412"/>
  <testcase classname="test.UserPageTest" name="verifySearchUser" time="10.359"/>
</testsuite> <!-- Report Test -->
