<?xml version="1.0" encoding="UTF-8"?>
<testng-results retried="6" ignored="6" total="25" passed="11" failed="2" skipped="0">
  <reporter-output>
  </reporter-output>
  <suite started-at="2024-07-02T15:52:20 IST" name="Functional Suite" finished-at="2024-07-02T16:07:56 IST" duration-ms="935914">
    <groups>
      <group name="Sanity">
        <method signature="ResetPageTest.verifyResetPassword()[pri:0, instance:test.ResetPageTest@36916eb0]" name="verifyResetPassword" class="test.ResetPageTest"/>
      </group> <!-- Sanity -->
      <group name="Regression">
        <method signature="LoginPageTest.verifyUserLoginwithValidCredentials()[pri:0, instance:test.LoginPageTest@73e9cf30]" name="verifyUserLoginwithValidCredentials" class="test.LoginPageTest"/>
      </group> <!-- Regression -->
      <group name="sanity">
        <method signature="LoginPageTest.verifErrorMessageWhileUserLoginwithInvalidCredentials(java.lang.String,java.lang.String)[pri:0, instance:test.LoginPageTest@73e9cf30]" name="verifErrorMessageWhileUserLoginwithInvalidCredentials" class="test.LoginPageTest"/>
      </group> <!-- sanity -->
      <group name="Smoke">
        <method signature="ResetPageTest.verifyErrorMessageWithInvalidEmailidOnForgotPassword()[pri:0, instance:test.ResetPageTest@36916eb0]" name="verifyErrorMessageWithInvalidEmailidOnForgotPassword" class="test.ResetPageTest"/>
      </group> <!-- Smoke -->
    </groups>
    <test started-at="2024-07-02T15:52:20 IST" name="Report Test" finished-at="2024-07-02T16:07:56 IST" duration-ms="935914">
      <class name="test.MyProfilePageTest">
        <test-method is-config="true" signature="setUp(java.lang.String)[pri:0, instance:test.MyProfilePageTest@272113c4]" started-at="2024-07-02T15:55:02 IST" name="setUp" finished-at="2024-07-02T15:55:33 IST" duration-ms="30346" status="PASS">
          <params>
            <param index="0">
              <value>
                <![CDATA[Chrome]]>
              </value>
            </param>
          </params>
          <reporter-output>
          </reporter-output>
        </test-method> <!-- setUp -->
        <test-method retried="true" signature="verifyEditProfile()[pri:0, instance:test.MyProfilePageTest@272113c4]" started-at="2024-07-02T15:55:33 IST" name="verifyEditProfile" finished-at="2024-07-02T15:55:58 IST" duration-ms="25842" status="SKIP">
          <exception class="java.lang.AssertionError">
            <message>
              <![CDATA[Profile updation failed expected [XYZ Heller] but found [admin Heller]]]>
            </message>
            <full-stacktrace>
              <![CDATA[java.lang.AssertionError: Profile updation failed expected [XYZ Heller] but found [admin Heller]
at org.testng.Assert.fail(Assert.java:111)
at org.testng.Assert.failNotEquals(Assert.java:1578)
at org.testng.Assert.assertEqualsImpl(Assert.java:150)
at org.testng.Assert.assertEquals(Assert.java:132)
at org.testng.Assert.assertEquals(Assert.java:656)
at test.MyProfilePageTest.verifyEditProfile(MyProfilePageTest.java:31)
at java.base/jdk.internal.reflect.NativeMethodAccessorImpl.invoke0(Native Method)
at java.base/jdk.internal.reflect.NativeMethodAccessorImpl.invoke(NativeMethodAccessorImpl.java:77)
at java.base/jdk.internal.reflect.DelegatingMethodAccessorImpl.invoke(DelegatingMethodAccessorImpl.java:43)
at java.base/java.lang.reflect.Method.invoke(Method.java:568)
at org.testng.internal.invokers.MethodInvocationHelper.invokeMethod(MethodInvocationHelper.java:139)
at org.testng.internal.invokers.TestInvoker.invokeMethod(TestInvoker.java:664)
at org.testng.internal.invokers.TestInvoker.invokeTestMethod(TestInvoker.java:228)
at org.testng.internal.invokers.MethodRunner.runInSequence(MethodRunner.java:63)
at org.testng.internal.invokers.TestInvoker$MethodInvocationAgent.invoke(TestInvoker.java:961)
at org.testng.internal.invokers.TestInvoker.invokeTestMethods(TestInvoker.java:201)
at org.testng.internal.invokers.TestMethodWorker.invokeTestMethods(TestMethodWorker.java:148)
at org.testng.internal.invokers.TestMethodWorker.run(TestMethodWorker.java:128)
at java.base/java.util.ArrayList.forEach(ArrayList.java:1511)
at org.testng.TestRunner.privateRun(TestRunner.java:819)
at org.testng.TestRunner.run(TestRunner.java:619)
at org.testng.SuiteRunner.runTest(SuiteRunner.java:443)
at org.testng.SuiteRunner.runSequentially(SuiteRunner.java:437)
at org.testng.SuiteRunner.privateRun(SuiteRunner.java:397)
at org.testng.SuiteRunner.run(SuiteRunner.java:336)
at org.testng.SuiteRunnerWorker.runSuite(SuiteRunnerWorker.java:52)
at org.testng.SuiteRunnerWorker.run(SuiteRunnerWorker.java:95)
at org.testng.TestNG.runSuitesSequentially(TestNG.java:1301)
at org.testng.TestNG.runSuitesLocally(TestNG.java:1228)
at org.testng.TestNG.runSuites(TestNG.java:1134)
at org.testng.TestNG.run(TestNG.java:1101)
at org.testng.remote.AbstractRemoteTestNG.run(AbstractRemoteTestNG.java:115)
at org.testng.remote.RemoteTestNG.initAndRun(RemoteTestNG.java:293)
at org.testng.remote.RemoteTestNG.main(RemoteTestNG.java:91)
]]>
            </full-stacktrace>
          </exception> <!-- java.lang.AssertionError -->
          <reporter-output>
          </reporter-output>
        </test-method> <!-- verifyEditProfile -->
        <test-method is-config="true" signature="closeBrowser(org.testng.ITestResult)[pri:0, instance:test.MyProfilePageTest@272113c4]" started-at="2024-07-02T15:55:59 IST" name="closeBrowser" finished-at="2024-07-02T15:56:00 IST" duration-ms="1250" status="PASS">
          <params>
            <param index="0">
              <value>
                <![CDATA[[TestResult name=verifyEditProfile status=SKIP method=MyProfilePageTest.verifyEditProfile()[pri:0, instance:test.MyProfilePageTest@272113c4] output={null}]]]>
              </value>
            </param>
          </params>
          <reporter-output>
          </reporter-output>
        </test-method> <!-- closeBrowser -->
        <test-method is-config="true" signature="setUp(java.lang.String)[pri:0, instance:test.MyProfilePageTest@272113c4]" started-at="2024-07-02T15:56:00 IST" name="setUp" finished-at="2024-07-02T15:56:39 IST" duration-ms="39602" status="PASS">
          <params>
            <param index="0">
              <value>
                <![CDATA[Chrome]]>
              </value>
            </param>
          </params>
          <reporter-output>
          </reporter-output>
        </test-method> <!-- setUp -->
        <test-method retried="true" signature="verifyEditProfile()[pri:0, instance:test.MyProfilePageTest@272113c4]" started-at="2024-07-02T15:56:39 IST" name="verifyEditProfile" finished-at="2024-07-02T15:56:59 IST" duration-ms="19641" status="SKIP">
          <exception class="java.lang.AssertionError">
            <message>
              <![CDATA[Profile updation failed expected [XYZ Gerhold] but found [admin Gerhold]]]>
            </message>
            <full-stacktrace>
              <![CDATA[java.lang.AssertionError: Profile updation failed expected [XYZ Gerhold] but found [admin Gerhold]
at org.testng.Assert.fail(Assert.java:111)
at org.testng.Assert.failNotEquals(Assert.java:1578)
at org.testng.Assert.assertEqualsImpl(Assert.java:150)
at org.testng.Assert.assertEquals(Assert.java:132)
at org.testng.Assert.assertEquals(Assert.java:656)
at test.MyProfilePageTest.verifyEditProfile(MyProfilePageTest.java:31)
at java.base/jdk.internal.reflect.NativeMethodAccessorImpl.invoke0(Native Method)
at java.base/jdk.internal.reflect.NativeMethodAccessorImpl.invoke(NativeMethodAccessorImpl.java:77)
at java.base/jdk.internal.reflect.DelegatingMethodAccessorImpl.invoke(DelegatingMethodAccessorImpl.java:43)
at java.base/java.lang.reflect.Method.invoke(Method.java:568)
at org.testng.internal.invokers.MethodInvocationHelper.invokeMethod(MethodInvocationHelper.java:139)
at org.testng.internal.invokers.TestInvoker.invokeMethod(TestInvoker.java:664)
at org.testng.internal.invokers.TestInvoker.retryFailed(TestInvoker.java:249)
at org.testng.internal.invokers.MethodRunner.runInSequence(MethodRunner.java:76)
at org.testng.internal.invokers.TestInvoker$MethodInvocationAgent.invoke(TestInvoker.java:961)
at org.testng.internal.invokers.TestInvoker.invokeTestMethods(TestInvoker.java:201)
at org.testng.internal.invokers.TestMethodWorker.invokeTestMethods(TestMethodWorker.java:148)
at org.testng.internal.invokers.TestMethodWorker.run(TestMethodWorker.java:128)
at java.base/java.util.ArrayList.forEach(ArrayList.java:1511)
at org.testng.TestRunner.privateRun(TestRunner.java:819)
at org.testng.TestRunner.run(TestRunner.java:619)
at org.testng.SuiteRunner.runTest(SuiteRunner.java:443)
at org.testng.SuiteRunner.runSequentially(SuiteRunner.java:437)
at org.testng.SuiteRunner.privateRun(SuiteRunner.java:397)
at org.testng.SuiteRunner.run(SuiteRunner.java:336)
at org.testng.SuiteRunnerWorker.runSuite(SuiteRunnerWorker.java:52)
at org.testng.SuiteRunnerWorker.run(SuiteRunnerWorker.java:95)
at org.testng.TestNG.runSuitesSequentially(TestNG.java:1301)
at org.testng.TestNG.runSuitesLocally(TestNG.java:1228)
at org.testng.TestNG.runSuites(TestNG.java:1134)
at org.testng.TestNG.run(TestNG.java:1101)
at org.testng.remote.AbstractRemoteTestNG.run(AbstractRemoteTestNG.java:115)
at org.testng.remote.RemoteTestNG.initAndRun(RemoteTestNG.java:293)
at org.testng.remote.RemoteTestNG.main(RemoteTestNG.java:91)
]]>
            </full-stacktrace>
          </exception> <!-- java.lang.AssertionError -->
          <reporter-output>
          </reporter-output>
        </test-method> <!-- verifyEditProfile -->
        <test-method is-config="true" signature="closeBrowser(org.testng.ITestResult)[pri:0, instance:test.MyProfilePageTest@272113c4]" started-at="2024-07-02T15:56:59 IST" name="closeBrowser" finished-at="2024-07-02T15:56:59 IST" duration-ms="193" status="PASS">
          <params>
            <param index="0">
              <value>
                <![CDATA[[TestResult name=verifyEditProfile status=SKIP method=MyProfilePageTest.verifyEditProfile()[pri:0, instance:test.MyProfilePageTest@272113c4] output={null}]]]>
              </value>
            </param>
          </params>
          <reporter-output>
          </reporter-output>
        </test-method> <!-- closeBrowser -->
        <test-method is-config="true" signature="setUp(java.lang.String)[pri:0, instance:test.MyProfilePageTest@272113c4]" started-at="2024-07-02T15:56:59 IST" name="setUp" finished-at="2024-07-02T15:57:32 IST" duration-ms="33013" status="PASS">
          <params>
            <param index="0">
              <value>
                <![CDATA[Chrome]]>
              </value>
            </param>
          </params>
          <reporter-output>
          </reporter-output>
        </test-method> <!-- setUp -->
        <test-method retried="true" signature="verifyEditProfile()[pri:0, instance:test.MyProfilePageTest@272113c4]" started-at="2024-07-02T15:57:32 IST" name="verifyEditProfile" finished-at="2024-07-02T15:57:47 IST" duration-ms="15250" status="SKIP">
          <exception class="java.lang.AssertionError">
            <message>
              <![CDATA[Profile updation failed expected [XYZ Goyette] but found [admin Goyette]]]>
            </message>
            <full-stacktrace>
              <![CDATA[java.lang.AssertionError: Profile updation failed expected [XYZ Goyette] but found [admin Goyette]
at org.testng.Assert.fail(Assert.java:111)
at org.testng.Assert.failNotEquals(Assert.java:1578)
at org.testng.Assert.assertEqualsImpl(Assert.java:150)
at org.testng.Assert.assertEquals(Assert.java:132)
at org.testng.Assert.assertEquals(Assert.java:656)
at test.MyProfilePageTest.verifyEditProfile(MyProfilePageTest.java:31)
at java.base/jdk.internal.reflect.NativeMethodAccessorImpl.invoke0(Native Method)
at java.base/jdk.internal.reflect.NativeMethodAccessorImpl.invoke(NativeMethodAccessorImpl.java:77)
at java.base/jdk.internal.reflect.DelegatingMethodAccessorImpl.invoke(DelegatingMethodAccessorImpl.java:43)
at java.base/java.lang.reflect.Method.invoke(Method.java:568)
at org.testng.internal.invokers.MethodInvocationHelper.invokeMethod(MethodInvocationHelper.java:139)
at org.testng.internal.invokers.TestInvoker.invokeMethod(TestInvoker.java:664)
at org.testng.internal.invokers.TestInvoker.retryFailed(TestInvoker.java:249)
at org.testng.internal.invokers.MethodRunner.runInSequence(MethodRunner.java:76)
at org.testng.internal.invokers.TestInvoker$MethodInvocationAgent.invoke(TestInvoker.java:961)
at org.testng.internal.invokers.TestInvoker.invokeTestMethods(TestInvoker.java:201)
at org.testng.internal.invokers.TestMethodWorker.invokeTestMethods(TestMethodWorker.java:148)
at org.testng.internal.invokers.TestMethodWorker.run(TestMethodWorker.java:128)
at java.base/java.util.ArrayList.forEach(ArrayList.java:1511)
at org.testng.TestRunner.privateRun(TestRunner.java:819)
at org.testng.TestRunner.run(TestRunner.java:619)
at org.testng.SuiteRunner.runTest(SuiteRunner.java:443)
at org.testng.SuiteRunner.runSequentially(SuiteRunner.java:437)
at org.testng.SuiteRunner.privateRun(SuiteRunner.java:397)
at org.testng.SuiteRunner.run(SuiteRunner.java:336)
at org.testng.SuiteRunnerWorker.runSuite(SuiteRunnerWorker.java:52)
at org.testng.SuiteRunnerWorker.run(SuiteRunnerWorker.java:95)
at org.testng.TestNG.runSuitesSequentially(TestNG.java:1301)
at org.testng.TestNG.runSuitesLocally(TestNG.java:1228)
at org.testng.TestNG.runSuites(TestNG.java:1134)
at org.testng.TestNG.run(TestNG.java:1101)
at org.testng.remote.AbstractRemoteTestNG.run(AbstractRemoteTestNG.java:115)
at org.testng.remote.RemoteTestNG.initAndRun(RemoteTestNG.java:293)
at org.testng.remote.RemoteTestNG.main(RemoteTestNG.java:91)
]]>
            </full-stacktrace>
          </exception> <!-- java.lang.AssertionError -->
          <reporter-output>
          </reporter-output>
        </test-method> <!-- verifyEditProfile -->
        <test-method is-config="true" signature="closeBrowser(org.testng.ITestResult)[pri:0, instance:test.MyProfilePageTest@272113c4]" started-at="2024-07-02T15:57:47 IST" name="closeBrowser" finished-at="2024-07-02T15:57:48 IST" duration-ms="380" status="PASS">
          <params>
            <param index="0">
              <value>
                <![CDATA[[TestResult name=verifyEditProfile status=SKIP method=MyProfilePageTest.verifyEditProfile()[pri:0, instance:test.MyProfilePageTest@272113c4] output={null}]]]>
              </value>
            </param>
          </params>
          <reporter-output>
          </reporter-output>
        </test-method> <!-- closeBrowser -->
        <test-method is-config="true" signature="setUp(java.lang.String)[pri:0, instance:test.MyProfilePageTest@272113c4]" started-at="2024-07-02T15:57:48 IST" name="setUp" finished-at="2024-07-02T15:58:58 IST" duration-ms="70056" status="PASS">
          <params>
            <param index="0">
              <value>
                <![CDATA[Chrome]]>
              </value>
            </param>
          </params>
          <reporter-output>
          </reporter-output>
        </test-method> <!-- setUp -->
        <test-method signature="verifyEditProfile()[pri:0, instance:test.MyProfilePageTest@272113c4]" started-at="2024-07-02T15:58:58 IST" name="verifyEditProfile" finished-at="2024-07-02T15:59:11 IST" duration-ms="13164" status="FAIL">
          <exception class="java.lang.AssertionError">
            <message>
              <![CDATA[Profile updation failed expected [XYZ Boyer] but found [admin Boyer]]]>
            </message>
            <full-stacktrace>
              <![CDATA[java.lang.AssertionError: Profile updation failed expected [XYZ Boyer] but found [admin Boyer]
at org.testng.Assert.fail(Assert.java:111)
at org.testng.Assert.failNotEquals(Assert.java:1578)
at org.testng.Assert.assertEqualsImpl(Assert.java:150)
at org.testng.Assert.assertEquals(Assert.java:132)
at org.testng.Assert.assertEquals(Assert.java:656)
at test.MyProfilePageTest.verifyEditProfile(MyProfilePageTest.java:31)
at java.base/jdk.internal.reflect.NativeMethodAccessorImpl.invoke0(Native Method)
at java.base/jdk.internal.reflect.NativeMethodAccessorImpl.invoke(NativeMethodAccessorImpl.java:77)
at java.base/jdk.internal.reflect.DelegatingMethodAccessorImpl.invoke(DelegatingMethodAccessorImpl.java:43)
at java.base/java.lang.reflect.Method.invoke(Method.java:568)
at org.testng.internal.invokers.MethodInvocationHelper.invokeMethod(MethodInvocationHelper.java:139)
at org.testng.internal.invokers.TestInvoker.invokeMethod(TestInvoker.java:664)
at org.testng.internal.invokers.TestInvoker.retryFailed(TestInvoker.java:249)
at org.testng.internal.invokers.MethodRunner.runInSequence(MethodRunner.java:76)
at org.testng.internal.invokers.TestInvoker$MethodInvocationAgent.invoke(TestInvoker.java:961)
at org.testng.internal.invokers.TestInvoker.invokeTestMethods(TestInvoker.java:201)
at org.testng.internal.invokers.TestMethodWorker.invokeTestMethods(TestMethodWorker.java:148)
at org.testng.internal.invokers.TestMethodWorker.run(TestMethodWorker.java:128)
at java.base/java.util.ArrayList.forEach(ArrayList.java:1511)
at org.testng.TestRunner.privateRun(TestRunner.java:819)
at org.testng.TestRunner.run(TestRunner.java:619)
at org.testng.SuiteRunner.runTest(SuiteRunner.java:443)
at org.testng.SuiteRunner.runSequentially(SuiteRunner.java:437)
at org.testng.SuiteRunner.privateRun(SuiteRunner.java:397)
at org.testng.SuiteRunner.run(SuiteRunner.java:336)
at org.testng.SuiteRunnerWorker.runSuite(SuiteRunnerWorker.java:52)
at org.testng.SuiteRunnerWorker.run(SuiteRunnerWorker.java:95)
at org.testng.TestNG.runSuitesSequentially(TestNG.java:1301)
at org.testng.TestNG.runSuitesLocally(TestNG.java:1228)
at org.testng.TestNG.runSuites(TestNG.java:1134)
at org.testng.TestNG.run(TestNG.java:1101)
at org.testng.remote.AbstractRemoteTestNG.run(AbstractRemoteTestNG.java:115)
at org.testng.remote.RemoteTestNG.initAndRun(RemoteTestNG.java:293)
at org.testng.remote.RemoteTestNG.main(RemoteTestNG.java:91)
]]>
            </full-stacktrace>
          </exception> <!-- java.lang.AssertionError -->
          <reporter-output>
          </reporter-output>
        </test-method> <!-- verifyEditProfile -->
        <test-method is-config="true" signature="closeBrowser(org.testng.ITestResult)[pri:0, instance:test.MyProfilePageTest@272113c4]" started-at="2024-07-02T15:59:11 IST" name="closeBrowser" finished-at="2024-07-02T15:59:12 IST" duration-ms="642" status="PASS">
          <params>
            <param index="0">
              <value>
                <![CDATA[[TestResult name=verifyEditProfile status=FAILURE method=MyProfilePageTest.verifyEditProfile()[pri:0, instance:test.MyProfilePageTest@272113c4] output={null}]]]>
              </value>
            </param>
          </params>
          <reporter-output>
          </reporter-output>
        </test-method> <!-- closeBrowser -->
      </class> <!-- test.MyProfilePageTest -->
      <class name="test.ResetPageTest">
        <test-method is-config="true" signature="setUp(java.lang.String)[pri:0, instance:test.ResetPageTest@36916eb0]" started-at="2024-07-02T15:52:21 IST" name="setUp" finished-at="2024-07-02T15:53:29 IST" duration-ms="68594" status="PASS">
          <params>
            <param index="0">
              <value>
                <![CDATA[Chrome]]>
              </value>
            </param>
          </params>
          <reporter-output>
          </reporter-output>
        </test-method> <!-- setUp -->
        <test-method signature="verifyErrorMessageWithInvalidEmailidOnForgotPassword()[pri:0, instance:test.ResetPageTest@36916eb0]" started-at="2024-07-02T15:53:29 IST" name="verifyErrorMessageWithInvalidEmailidOnForgotPassword" finished-at="2024-07-02T15:53:40 IST" duration-ms="11161" status="PASS">
          <reporter-output>
          </reporter-output>
        </test-method> <!-- verifyErrorMessageWithInvalidEmailidOnForgotPassword -->
        <test-method is-config="true" signature="closeBrowser(org.testng.ITestResult)[pri:0, instance:test.ResetPageTest@36916eb0]" started-at="2024-07-02T15:53:40 IST" name="closeBrowser" finished-at="2024-07-02T15:53:41 IST" duration-ms="442" status="PASS">
          <params>
            <param index="0">
              <value>
                <![CDATA[[TestResult name=verifyErrorMessageWithInvalidEmailidOnForgotPassword status=SUCCESS method=ResetPageTest.verifyErrorMessageWithInvalidEmailidOnForgotPassword()[pri:0, instance:test.ResetPageTest@36916eb0] output={null}]]]>
              </value>
            </param>
          </params>
          <reporter-output>
          </reporter-output>
        </test-method> <!-- closeBrowser -->
        <test-method is-config="true" signature="setUp(java.lang.String)[pri:0, instance:test.ResetPageTest@36916eb0]" started-at="2024-07-02T15:53:41 IST" name="setUp" finished-at="2024-07-02T15:54:16 IST" duration-ms="34676" status="PASS">
          <params>
            <param index="0">
              <value>
                <![CDATA[Chrome]]>
              </value>
            </param>
          </params>
          <reporter-output>
          </reporter-output>
        </test-method> <!-- setUp -->
        <test-method signature="verifyResetPassword()[pri:0, instance:test.ResetPageTest@36916eb0]" started-at="2024-07-02T15:54:16 IST" name="verifyResetPassword" finished-at="2024-07-02T15:54:23 IST" duration-ms="7104" status="PASS">
          <reporter-output>
          </reporter-output>
        </test-method> <!-- verifyResetPassword -->
        <test-method is-config="true" signature="closeBrowser(org.testng.ITestResult)[pri:0, instance:test.ResetPageTest@36916eb0]" started-at="2024-07-02T15:54:23 IST" name="closeBrowser" finished-at="2024-07-02T15:54:23 IST" duration-ms="456" status="PASS">
          <params>
            <param index="0">
              <value>
                <![CDATA[[TestResult name=verifyResetPassword status=SUCCESS method=ResetPageTest.verifyResetPassword()[pri:0, instance:test.ResetPageTest@36916eb0] output={null}]]]>
              </value>
            </param>
          </params>
          <reporter-output>
          </reporter-output>
        </test-method> <!-- closeBrowser -->
      </class> <!-- test.ResetPageTest -->
      <class name="test.HomePageTest">
        <test-method is-config="true" signature="setUp(java.lang.String)[pri:0, instance:test.HomePageTest@771a660]" started-at="2024-07-02T16:03:43 IST" name="setUp" finished-at="2024-07-02T16:04:07 IST" duration-ms="23599" status="PASS">
          <params>
            <param index="0">
              <value>
                <![CDATA[Chrome]]>
              </value>
            </param>
          </params>
          <reporter-output>
          </reporter-output>
        </test-method> <!-- setUp -->
        <test-method signature="verifyHomePageTitle()[pri:0, instance:test.HomePageTest@771a660]" started-at="2024-07-02T16:04:07 IST" name="verifyHomePageTitle" finished-at="2024-07-02T16:04:12 IST" duration-ms="5725" status="PASS">
          <reporter-output>
          </reporter-output>
        </test-method> <!-- verifyHomePageTitle -->
        <test-method is-config="true" signature="closeBrowser(org.testng.ITestResult)[pri:0, instance:test.HomePageTest@771a660]" started-at="2024-07-02T16:04:12 IST" name="closeBrowser" finished-at="2024-07-02T16:04:12 IST" duration-ms="190" status="PASS">
          <params>
            <param index="0">
              <value>
                <![CDATA[[TestResult name=verifyHomePageTitle status=SUCCESS method=HomePageTest.verifyHomePageTitle()[pri:0, instance:test.HomePageTest@771a660] output={null}]]]>
              </value>
            </param>
          </params>
          <reporter-output>
          </reporter-output>
        </test-method> <!-- closeBrowser -->
        <test-method is-config="true" signature="setUp(java.lang.String)[pri:0, instance:test.HomePageTest@771a660]" started-at="2024-07-02T16:04:12 IST" name="setUp" finished-at="2024-07-02T16:04:47 IST" duration-ms="34714" status="PASS">
          <params>
            <param index="0">
              <value>
                <![CDATA[Chrome]]>
              </value>
            </param>
          </params>
          <reporter-output>
          </reporter-output>
        </test-method> <!-- setUp -->
        <test-method signature="verifyUserLoginDate()[pri:0, instance:test.HomePageTest@771a660]" started-at="2024-07-02T16:04:47 IST" name="verifyUserLoginDate" finished-at="2024-07-02T16:04:52 IST" duration-ms="4512" status="PASS">
          <reporter-output>
          </reporter-output>
        </test-method> <!-- verifyUserLoginDate -->
        <test-method is-config="true" signature="closeBrowser(org.testng.ITestResult)[pri:0, instance:test.HomePageTest@771a660]" started-at="2024-07-02T16:04:52 IST" name="closeBrowser" finished-at="2024-07-02T16:04:52 IST" duration-ms="587" status="PASS">
          <params>
            <param index="0">
              <value>
                <![CDATA[[TestResult name=verifyUserLoginDate status=SUCCESS method=HomePageTest.verifyUserLoginDate()[pri:0, instance:test.HomePageTest@771a660] output={null}]]]>
              </value>
            </param>
          </params>
          <reporter-output>
          </reporter-output>
        </test-method> <!-- closeBrowser -->
      </class> <!-- test.HomePageTest -->
      <class name="test.LoginPageTest">
        <test-method is-config="true" signature="setUp(java.lang.String)[pri:0, instance:test.LoginPageTest@73e9cf30]" started-at="2024-07-02T15:59:12 IST" name="setUp" finished-at="2024-07-02T15:59:35 IST" duration-ms="22844" status="PASS">
          <params>
            <param index="0">
              <value>
                <![CDATA[Chrome]]>
              </value>
            </param>
          </params>
          <reporter-output>
          </reporter-output>
        </test-method> <!-- setUp -->
        <test-method signature="verifErrorMessageWhileUserLoginwithInvalidCredentials(java.lang.String,java.lang.String)[pri:0, instance:test.LoginPageTest@73e9cf30]" started-at="2024-07-02T15:59:35 IST" name="verifErrorMessageWhileUserLoginwithInvalidCredentials" data-provider="InvalidUserCredentials" finished-at="2024-07-02T15:59:36 IST" duration-ms="1545" status="PASS">
          <params>
            <param index="0">
              <value>
                <![CDATA[veena1@gmail.com]]>
              </value>
            </param>
            <param index="1">
              <value>
                <![CDATA[veena@96]]>
              </value>
            </param>
          </params>
          <reporter-output>
          </reporter-output>
        </test-method> <!-- verifErrorMessageWhileUserLoginwithInvalidCredentials -->
        <test-method is-config="true" signature="closeBrowser(org.testng.ITestResult)[pri:0, instance:test.LoginPageTest@73e9cf30]" started-at="2024-07-02T15:59:36 IST" name="closeBrowser" finished-at="2024-07-02T15:59:36 IST" duration-ms="246" status="PASS">
          <params>
            <param index="0">
              <value>
                <![CDATA[[TestResult name=verifErrorMessageWhileUserLoginwithInvalidCredentials status=SUCCESS method=LoginPageTest.verifErrorMessageWhileUserLoginwithInvalidCredentials(java.lang.String,java.lang.String)[pri:0, instance:test.LoginPageTest@73e9cf30] output={null}]]]>
              </value>
            </param>
          </params>
          <reporter-output>
          </reporter-output>
        </test-method> <!-- closeBrowser -->
        <test-method is-config="true" signature="setUp(java.lang.String)[pri:0, instance:test.LoginPageTest@73e9cf30]" started-at="2024-07-02T15:59:36 IST" name="setUp" finished-at="2024-07-02T15:59:57 IST" duration-ms="20102" status="PASS">
          <params>
            <param index="0">
              <value>
                <![CDATA[Chrome]]>
              </value>
            </param>
          </params>
          <reporter-output>
          </reporter-output>
        </test-method> <!-- setUp -->
        <test-method signature="verifErrorMessageWhileUserLoginwithInvalidCredentials(java.lang.String,java.lang.String)[pri:0, instance:test.LoginPageTest@73e9cf30]" started-at="2024-07-02T15:59:57 IST" name="verifErrorMessageWhileUserLoginwithInvalidCredentials" data-provider="InvalidUserCredentials" finished-at="2024-07-02T15:59:58 IST" duration-ms="1543" status="PASS">
          <params>
            <param index="0">
              <value>
                <![CDATA[veenababu@gmail.com]]>
              </value>
            </param>
            <param index="1">
              <value>
                <![CDATA[veena@9]]>
              </value>
            </param>
          </params>
          <reporter-output>
          </reporter-output>
        </test-method> <!-- verifErrorMessageWhileUserLoginwithInvalidCredentials -->
        <test-method is-config="true" signature="closeBrowser(org.testng.ITestResult)[pri:0, instance:test.LoginPageTest@73e9cf30]" started-at="2024-07-02T15:59:58 IST" name="closeBrowser" finished-at="2024-07-02T15:59:58 IST" duration-ms="151" status="PASS">
          <params>
            <param index="0">
              <value>
                <![CDATA[[TestResult name=verifErrorMessageWhileUserLoginwithInvalidCredentials status=SUCCESS method=LoginPageTest.verifErrorMessageWhileUserLoginwithInvalidCredentials(java.lang.String,java.lang.String)[pri:0, instance:test.LoginPageTest@73e9cf30] output={null}]]]>
              </value>
            </param>
          </params>
          <reporter-output>
          </reporter-output>
        </test-method> <!-- closeBrowser -->
        <test-method is-config="true" signature="setUp(java.lang.String)[pri:0, instance:test.LoginPageTest@73e9cf30]" started-at="2024-07-02T15:59:58 IST" name="setUp" finished-at="2024-07-02T16:00:26 IST" duration-ms="27991" status="PASS">
          <params>
            <param index="0">
              <value>
                <![CDATA[Chrome]]>
              </value>
            </param>
          </params>
          <reporter-output>
          </reporter-output>
        </test-method> <!-- setUp -->
        <test-method signature="verifErrorMessageWhileUserLoginwithInvalidCredentials(java.lang.String,java.lang.String)[pri:0, instance:test.LoginPageTest@73e9cf30]" started-at="2024-07-02T16:00:26 IST" name="verifErrorMessageWhileUserLoginwithInvalidCredentials" data-provider="InvalidUserCredentials" finished-at="2024-07-02T16:00:28 IST" duration-ms="1936" status="PASS">
          <params>
            <param index="0">
              <value>
                <![CDATA[veena1@gmail.com]]>
              </value>
            </param>
            <param index="1">
              <value>
                <![CDATA[veena@9]]>
              </value>
            </param>
          </params>
          <reporter-output>
          </reporter-output>
        </test-method> <!-- verifErrorMessageWhileUserLoginwithInvalidCredentials -->
        <test-method is-config="true" signature="closeBrowser(org.testng.ITestResult)[pri:0, instance:test.LoginPageTest@73e9cf30]" started-at="2024-07-02T16:00:28 IST" name="closeBrowser" finished-at="2024-07-02T16:00:29 IST" duration-ms="1168" status="PASS">
          <params>
            <param index="0">
              <value>
                <![CDATA[[TestResult name=verifErrorMessageWhileUserLoginwithInvalidCredentials status=SUCCESS method=LoginPageTest.verifErrorMessageWhileUserLoginwithInvalidCredentials(java.lang.String,java.lang.String)[pri:0, instance:test.LoginPageTest@73e9cf30] output={null}]]]>
              </value>
            </param>
          </params>
          <reporter-output>
          </reporter-output>
        </test-method> <!-- closeBrowser -->
        <test-method is-config="true" signature="setUp(java.lang.String)[pri:0, instance:test.LoginPageTest@73e9cf30]" started-at="2024-07-02T16:00:29 IST" name="setUp" finished-at="2024-07-02T16:01:31 IST" duration-ms="62101" status="PASS">
          <params>
            <param index="0">
              <value>
                <![CDATA[Chrome]]>
              </value>
            </param>
          </params>
          <reporter-output>
          </reporter-output>
        </test-method> <!-- setUp -->
        <test-method retried="true" signature="verifyUserLoginwithValidCredentials()[pri:0, instance:test.LoginPageTest@73e9cf30]" started-at="2024-07-02T16:01:31 IST" name="verifyUserLoginwithValidCredentials" finished-at="2024-07-02T16:01:40 IST" duration-ms="8784" status="SKIP">
          <exception class="java.lang.AssertionError">
            <message>
              <![CDATA[Invalid user expected [Welcome XYZ,] but found [Welcome admin,]]]>
            </message>
            <full-stacktrace>
              <![CDATA[java.lang.AssertionError: Invalid user expected [Welcome XYZ,] but found [Welcome admin,]
at org.testng.Assert.fail(Assert.java:111)
at org.testng.Assert.failNotEquals(Assert.java:1578)
at org.testng.Assert.assertEqualsImpl(Assert.java:150)
at org.testng.Assert.assertEquals(Assert.java:132)
at org.testng.Assert.assertEquals(Assert.java:656)
at test.LoginPageTest.verifyUserLoginwithValidCredentials(LoginPageTest.java:28)
at java.base/jdk.internal.reflect.NativeMethodAccessorImpl.invoke0(Native Method)
at java.base/jdk.internal.reflect.NativeMethodAccessorImpl.invoke(NativeMethodAccessorImpl.java:77)
at java.base/jdk.internal.reflect.DelegatingMethodAccessorImpl.invoke(DelegatingMethodAccessorImpl.java:43)
at java.base/java.lang.reflect.Method.invoke(Method.java:568)
at org.testng.internal.invokers.MethodInvocationHelper.invokeMethod(MethodInvocationHelper.java:139)
at org.testng.internal.invokers.TestInvoker.invokeMethod(TestInvoker.java:664)
at org.testng.internal.invokers.TestInvoker.invokeTestMethod(TestInvoker.java:228)
at org.testng.internal.invokers.MethodRunner.runInSequence(MethodRunner.java:63)
at org.testng.internal.invokers.TestInvoker$MethodInvocationAgent.invoke(TestInvoker.java:961)
at org.testng.internal.invokers.TestInvoker.invokeTestMethods(TestInvoker.java:201)
at org.testng.internal.invokers.TestMethodWorker.invokeTestMethods(TestMethodWorker.java:148)
at org.testng.internal.invokers.TestMethodWorker.run(TestMethodWorker.java:128)
at java.base/java.util.ArrayList.forEach(ArrayList.java:1511)
at org.testng.TestRunner.privateRun(TestRunner.java:819)
at org.testng.TestRunner.run(TestRunner.java:619)
at org.testng.SuiteRunner.runTest(SuiteRunner.java:443)
at org.testng.SuiteRunner.runSequentially(SuiteRunner.java:437)
at org.testng.SuiteRunner.privateRun(SuiteRunner.java:397)
at org.testng.SuiteRunner.run(SuiteRunner.java:336)
at org.testng.SuiteRunnerWorker.runSuite(SuiteRunnerWorker.java:52)
at org.testng.SuiteRunnerWorker.run(SuiteRunnerWorker.java:95)
at org.testng.TestNG.runSuitesSequentially(TestNG.java:1301)
at org.testng.TestNG.runSuitesLocally(TestNG.java:1228)
at org.testng.TestNG.runSuites(TestNG.java:1134)
at org.testng.TestNG.run(TestNG.java:1101)
at org.testng.remote.AbstractRemoteTestNG.run(AbstractRemoteTestNG.java:115)
at org.testng.remote.RemoteTestNG.initAndRun(RemoteTestNG.java:293)
at org.testng.remote.RemoteTestNG.main(RemoteTestNG.java:91)
]]>
            </full-stacktrace>
          </exception> <!-- java.lang.AssertionError -->
          <reporter-output>
          </reporter-output>
        </test-method> <!-- verifyUserLoginwithValidCredentials -->
        <test-method is-config="true" signature="closeBrowser(org.testng.ITestResult)[pri:0, instance:test.LoginPageTest@73e9cf30]" started-at="2024-07-02T16:01:40 IST" name="closeBrowser" finished-at="2024-07-02T16:01:41 IST" duration-ms="391" status="PASS">
          <params>
            <param index="0">
              <value>
                <![CDATA[[TestResult name=verifyUserLoginwithValidCredentials status=SKIP method=LoginPageTest.verifyUserLoginwithValidCredentials()[pri:0, instance:test.LoginPageTest@73e9cf30] output={null}]]]>
              </value>
            </param>
          </params>
          <reporter-output>
          </reporter-output>
        </test-method> <!-- closeBrowser -->
        <test-method is-config="true" signature="setUp(java.lang.String)[pri:0, instance:test.LoginPageTest@73e9cf30]" started-at="2024-07-02T16:01:41 IST" name="setUp" finished-at="2024-07-02T16:02:11 IST" duration-ms="30128" status="PASS">
          <params>
            <param index="0">
              <value>
                <![CDATA[Chrome]]>
              </value>
            </param>
          </params>
          <reporter-output>
          </reporter-output>
        </test-method> <!-- setUp -->
        <test-method retried="true" signature="verifyUserLoginwithValidCredentials()[pri:0, instance:test.LoginPageTest@73e9cf30]" started-at="2024-07-02T16:02:11 IST" name="verifyUserLoginwithValidCredentials" finished-at="2024-07-02T16:02:18 IST" duration-ms="6785" status="SKIP">
          <exception class="java.lang.AssertionError">
            <message>
              <![CDATA[Invalid user expected [Welcome XYZ,] but found [Welcome admin,]]]>
            </message>
            <full-stacktrace>
              <![CDATA[java.lang.AssertionError: Invalid user expected [Welcome XYZ,] but found [Welcome admin,]
at org.testng.Assert.fail(Assert.java:111)
at org.testng.Assert.failNotEquals(Assert.java:1578)
at org.testng.Assert.assertEqualsImpl(Assert.java:150)
at org.testng.Assert.assertEquals(Assert.java:132)
at org.testng.Assert.assertEquals(Assert.java:656)
at test.LoginPageTest.verifyUserLoginwithValidCredentials(LoginPageTest.java:28)
at java.base/jdk.internal.reflect.NativeMethodAccessorImpl.invoke0(Native Method)
at java.base/jdk.internal.reflect.NativeMethodAccessorImpl.invoke(NativeMethodAccessorImpl.java:77)
at java.base/jdk.internal.reflect.DelegatingMethodAccessorImpl.invoke(DelegatingMethodAccessorImpl.java:43)
at java.base/java.lang.reflect.Method.invoke(Method.java:568)
at org.testng.internal.invokers.MethodInvocationHelper.invokeMethod(MethodInvocationHelper.java:139)
at org.testng.internal.invokers.TestInvoker.invokeMethod(TestInvoker.java:664)
at org.testng.internal.invokers.TestInvoker.retryFailed(TestInvoker.java:249)
at org.testng.internal.invokers.MethodRunner.runInSequence(MethodRunner.java:76)
at org.testng.internal.invokers.TestInvoker$MethodInvocationAgent.invoke(TestInvoker.java:961)
at org.testng.internal.invokers.TestInvoker.invokeTestMethods(TestInvoker.java:201)
at org.testng.internal.invokers.TestMethodWorker.invokeTestMethods(TestMethodWorker.java:148)
at org.testng.internal.invokers.TestMethodWorker.run(TestMethodWorker.java:128)
at java.base/java.util.ArrayList.forEach(ArrayList.java:1511)
at org.testng.TestRunner.privateRun(TestRunner.java:819)
at org.testng.TestRunner.run(TestRunner.java:619)
at org.testng.SuiteRunner.runTest(SuiteRunner.java:443)
at org.testng.SuiteRunner.runSequentially(SuiteRunner.java:437)
at org.testng.SuiteRunner.privateRun(SuiteRunner.java:397)
at org.testng.SuiteRunner.run(SuiteRunner.java:336)
at org.testng.SuiteRunnerWorker.runSuite(SuiteRunnerWorker.java:52)
at org.testng.SuiteRunnerWorker.run(SuiteRunnerWorker.java:95)
at org.testng.TestNG.runSuitesSequentially(TestNG.java:1301)
at org.testng.TestNG.runSuitesLocally(TestNG.java:1228)
at org.testng.TestNG.runSuites(TestNG.java:1134)
at org.testng.TestNG.run(TestNG.java:1101)
at org.testng.remote.AbstractRemoteTestNG.run(AbstractRemoteTestNG.java:115)
at org.testng.remote.RemoteTestNG.initAndRun(RemoteTestNG.java:293)
at org.testng.remote.RemoteTestNG.main(RemoteTestNG.java:91)
]]>
            </full-stacktrace>
          </exception> <!-- java.lang.AssertionError -->
          <reporter-output>
          </reporter-output>
        </test-method> <!-- verifyUserLoginwithValidCredentials -->
        <test-method is-config="true" signature="closeBrowser(org.testng.ITestResult)[pri:0, instance:test.LoginPageTest@73e9cf30]" started-at="2024-07-02T16:02:18 IST" name="closeBrowser" finished-at="2024-07-02T16:02:18 IST" duration-ms="335" status="PASS">
          <params>
            <param index="0">
              <value>
                <![CDATA[[TestResult name=verifyUserLoginwithValidCredentials status=SKIP method=LoginPageTest.verifyUserLoginwithValidCredentials()[pri:0, instance:test.LoginPageTest@73e9cf30] output={null}]]]>
              </value>
            </param>
          </params>
          <reporter-output>
          </reporter-output>
        </test-method> <!-- closeBrowser -->
        <test-method is-config="true" signature="setUp(java.lang.String)[pri:0, instance:test.LoginPageTest@73e9cf30]" started-at="2024-07-02T16:02:18 IST" name="setUp" finished-at="2024-07-02T16:02:40 IST" duration-ms="22268" status="PASS">
          <params>
            <param index="0">
              <value>
                <![CDATA[Chrome]]>
              </value>
            </param>
          </params>
          <reporter-output>
          </reporter-output>
        </test-method> <!-- setUp -->
        <test-method retried="true" signature="verifyUserLoginwithValidCredentials()[pri:0, instance:test.LoginPageTest@73e9cf30]" started-at="2024-07-02T16:02:40 IST" name="verifyUserLoginwithValidCredentials" finished-at="2024-07-02T16:02:46 IST" duration-ms="6274" status="SKIP">
          <exception class="java.lang.AssertionError">
            <message>
              <![CDATA[Invalid user expected [Welcome XYZ,] but found [Welcome admin,]]]>
            </message>
            <full-stacktrace>
              <![CDATA[java.lang.AssertionError: Invalid user expected [Welcome XYZ,] but found [Welcome admin,]
at org.testng.Assert.fail(Assert.java:111)
at org.testng.Assert.failNotEquals(Assert.java:1578)
at org.testng.Assert.assertEqualsImpl(Assert.java:150)
at org.testng.Assert.assertEquals(Assert.java:132)
at org.testng.Assert.assertEquals(Assert.java:656)
at test.LoginPageTest.verifyUserLoginwithValidCredentials(LoginPageTest.java:28)
at java.base/jdk.internal.reflect.NativeMethodAccessorImpl.invoke0(Native Method)
at java.base/jdk.internal.reflect.NativeMethodAccessorImpl.invoke(NativeMethodAccessorImpl.java:77)
at java.base/jdk.internal.reflect.DelegatingMethodAccessorImpl.invoke(DelegatingMethodAccessorImpl.java:43)
at java.base/java.lang.reflect.Method.invoke(Method.java:568)
at org.testng.internal.invokers.MethodInvocationHelper.invokeMethod(MethodInvocationHelper.java:139)
at org.testng.internal.invokers.TestInvoker.invokeMethod(TestInvoker.java:664)
at org.testng.internal.invokers.TestInvoker.retryFailed(TestInvoker.java:249)
at org.testng.internal.invokers.MethodRunner.runInSequence(MethodRunner.java:76)
at org.testng.internal.invokers.TestInvoker$MethodInvocationAgent.invoke(TestInvoker.java:961)
at org.testng.internal.invokers.TestInvoker.invokeTestMethods(TestInvoker.java:201)
at org.testng.internal.invokers.TestMethodWorker.invokeTestMethods(TestMethodWorker.java:148)
at org.testng.internal.invokers.TestMethodWorker.run(TestMethodWorker.java:128)
at java.base/java.util.ArrayList.forEach(ArrayList.java:1511)
at org.testng.TestRunner.privateRun(TestRunner.java:819)
at org.testng.TestRunner.run(TestRunner.java:619)
at org.testng.SuiteRunner.runTest(SuiteRunner.java:443)
at org.testng.SuiteRunner.runSequentially(SuiteRunner.java:437)
at org.testng.SuiteRunner.privateRun(SuiteRunner.java:397)
at org.testng.SuiteRunner.run(SuiteRunner.java:336)
at org.testng.SuiteRunnerWorker.runSuite(SuiteRunnerWorker.java:52)
at org.testng.SuiteRunnerWorker.run(SuiteRunnerWorker.java:95)
at org.testng.TestNG.runSuitesSequentially(TestNG.java:1301)
at org.testng.TestNG.runSuitesLocally(TestNG.java:1228)
at org.testng.TestNG.runSuites(TestNG.java:1134)
at org.testng.TestNG.run(TestNG.java:1101)
at org.testng.remote.AbstractRemoteTestNG.run(AbstractRemoteTestNG.java:115)
at org.testng.remote.RemoteTestNG.initAndRun(RemoteTestNG.java:293)
at org.testng.remote.RemoteTestNG.main(RemoteTestNG.java:91)
]]>
            </full-stacktrace>
          </exception> <!-- java.lang.AssertionError -->
          <reporter-output>
          </reporter-output>
        </test-method> <!-- verifyUserLoginwithValidCredentials -->
        <test-method is-config="true" signature="closeBrowser(org.testng.ITestResult)[pri:0, instance:test.LoginPageTest@73e9cf30]" started-at="2024-07-02T16:02:46 IST" name="closeBrowser" finished-at="2024-07-02T16:02:47 IST" duration-ms="487" status="PASS">
          <params>
            <param index="0">
              <value>
                <![CDATA[[TestResult name=verifyUserLoginwithValidCredentials status=SKIP method=LoginPageTest.verifyUserLoginwithValidCredentials()[pri:0, instance:test.LoginPageTest@73e9cf30] output={null}]]]>
              </value>
            </param>
          </params>
          <reporter-output>
          </reporter-output>
        </test-method> <!-- closeBrowser -->
        <test-method is-config="true" signature="setUp(java.lang.String)[pri:0, instance:test.LoginPageTest@73e9cf30]" started-at="2024-07-02T16:02:47 IST" name="setUp" finished-at="2024-07-02T16:03:22 IST" duration-ms="34580" status="PASS">
          <params>
            <param index="0">
              <value>
                <![CDATA[Chrome]]>
              </value>
            </param>
          </params>
          <reporter-output>
          </reporter-output>
        </test-method> <!-- setUp -->
        <test-method signature="verifyUserLoginwithValidCredentials()[pri:0, instance:test.LoginPageTest@73e9cf30]" started-at="2024-07-02T16:03:22 IST" name="verifyUserLoginwithValidCredentials" finished-at="2024-07-02T16:03:42 IST" duration-ms="19990" status="FAIL">
          <exception class="java.lang.AssertionError">
            <message>
              <![CDATA[Invalid user expected [Welcome XYZ,] but found [Welcome admin,]]]>
            </message>
            <full-stacktrace>
              <![CDATA[java.lang.AssertionError: Invalid user expected [Welcome XYZ,] but found [Welcome admin,]
at org.testng.Assert.fail(Assert.java:111)
at org.testng.Assert.failNotEquals(Assert.java:1578)
at org.testng.Assert.assertEqualsImpl(Assert.java:150)
at org.testng.Assert.assertEquals(Assert.java:132)
at org.testng.Assert.assertEquals(Assert.java:656)
at test.LoginPageTest.verifyUserLoginwithValidCredentials(LoginPageTest.java:28)
at java.base/jdk.internal.reflect.NativeMethodAccessorImpl.invoke0(Native Method)
at java.base/jdk.internal.reflect.NativeMethodAccessorImpl.invoke(NativeMethodAccessorImpl.java:77)
at java.base/jdk.internal.reflect.DelegatingMethodAccessorImpl.invoke(DelegatingMethodAccessorImpl.java:43)
at java.base/java.lang.reflect.Method.invoke(Method.java:568)
at org.testng.internal.invokers.MethodInvocationHelper.invokeMethod(MethodInvocationHelper.java:139)
at org.testng.internal.invokers.TestInvoker.invokeMethod(TestInvoker.java:664)
at org.testng.internal.invokers.TestInvoker.retryFailed(TestInvoker.java:249)
at org.testng.internal.invokers.MethodRunner.runInSequence(MethodRunner.java:76)
at org.testng.internal.invokers.TestInvoker$MethodInvocationAgent.invoke(TestInvoker.java:961)
at org.testng.internal.invokers.TestInvoker.invokeTestMethods(TestInvoker.java:201)
at org.testng.internal.invokers.TestMethodWorker.invokeTestMethods(TestMethodWorker.java:148)
at org.testng.internal.invokers.TestMethodWorker.run(TestMethodWorker.java:128)
at java.base/java.util.ArrayList.forEach(ArrayList.java:1511)
at org.testng.TestRunner.privateRun(TestRunner.java:819)
at org.testng.TestRunner.run(TestRunner.java:619)
at org.testng.SuiteRunner.runTest(SuiteRunner.java:443)
at org.testng.SuiteRunner.runSequentially(SuiteRunner.java:437)
at org.testng.SuiteRunner.privateRun(SuiteRunner.java:397)
at org.testng.SuiteRunner.run(SuiteRunner.java:336)
at org.testng.SuiteRunnerWorker.runSuite(SuiteRunnerWorker.java:52)
at org.testng.SuiteRunnerWorker.run(SuiteRunnerWorker.java:95)
at org.testng.TestNG.runSuitesSequentially(TestNG.java:1301)
at org.testng.TestNG.runSuitesLocally(TestNG.java:1228)
at org.testng.TestNG.runSuites(TestNG.java:1134)
at org.testng.TestNG.run(TestNG.java:1101)
at org.testng.remote.AbstractRemoteTestNG.run(AbstractRemoteTestNG.java:115)
at org.testng.remote.RemoteTestNG.initAndRun(RemoteTestNG.java:293)
at org.testng.remote.RemoteTestNG.main(RemoteTestNG.java:91)
]]>
            </full-stacktrace>
          </exception> <!-- java.lang.AssertionError -->
          <reporter-output>
          </reporter-output>
        </test-method> <!-- verifyUserLoginwithValidCredentials -->
        <test-method is-config="true" signature="closeBrowser(org.testng.ITestResult)[pri:0, instance:test.LoginPageTest@73e9cf30]" started-at="2024-07-02T16:03:42 IST" name="closeBrowser" finished-at="2024-07-02T16:03:43 IST" duration-ms="1394" status="PASS">
          <params>
            <param index="0">
              <value>
                <![CDATA[[TestResult name=verifyUserLoginwithValidCredentials status=FAILURE method=LoginPageTest.verifyUserLoginwithValidCredentials()[pri:0, instance:test.LoginPageTest@73e9cf30] output={null}]]]>
              </value>
            </param>
          </params>
          <reporter-output>
          </reporter-output>
        </test-method> <!-- closeBrowser -->
      </class> <!-- test.LoginPageTest -->
      <class name="test.UserPageTest">
        <test-method is-config="true" signature="setUp(java.lang.String)[pri:0, instance:test.UserPageTest@242b836]" started-at="2024-07-02T16:07:19 IST" name="setUp" finished-at="2024-07-02T16:07:46 IST" duration-ms="26990" status="PASS">
          <params>
            <param index="0">
              <value>
                <![CDATA[Chrome]]>
              </value>
            </param>
          </params>
          <reporter-output>
          </reporter-output>
        </test-method> <!-- setUp -->
        <test-method signature="verifySearchUser()[pri:0, instance:test.UserPageTest@242b836]" started-at="2024-07-02T16:07:46 IST" name="verifySearchUser" finished-at="2024-07-02T16:07:56 IST" duration-ms="10359" status="PASS">
          <reporter-output>
          </reporter-output>
        </test-method> <!-- verifySearchUser -->
        <test-method is-config="true" signature="closeBrowser(org.testng.ITestResult)[pri:0, instance:test.UserPageTest@242b836]" started-at="2024-07-02T16:07:56 IST" name="closeBrowser" finished-at="2024-07-02T16:07:56 IST" duration-ms="472" status="PASS">
          <params>
            <param index="0">
              <value>
                <![CDATA[[TestResult name=verifySearchUser status=SUCCESS method=UserPageTest.verifySearchUser()[pri:0, instance:test.UserPageTest@242b836] output={null}]]]>
              </value>
            </param>
          </params>
          <reporter-output>
          </reporter-output>
        </test-method> <!-- closeBrowser -->
      </class> <!-- test.UserPageTest -->
      <class name="test.AddUserPageTest">
        <test-method is-config="true" signature="setUp(java.lang.String)[pri:0, instance:test.AddUserPageTest@2d52216b]" started-at="2024-07-02T16:04:52 IST" name="setUp" finished-at="2024-07-02T16:05:21 IST" duration-ms="29193" status="PASS">
          <params>
            <param index="0">
              <value>
                <![CDATA[Chrome]]>
              </value>
            </param>
          </params>
          <reporter-output>
          </reporter-output>
        </test-method> <!-- setUp -->
        <test-method signature="verifyAddUser()[pri:0, instance:test.AddUserPageTest@2d52216b]" started-at="2024-07-02T16:05:21 IST" name="verifyAddUser" finished-at="2024-07-02T16:05:39 IST" duration-ms="17265" status="PASS">
          <reporter-output>
          </reporter-output>
        </test-method> <!-- verifyAddUser -->
        <test-method is-config="true" signature="closeBrowser(org.testng.ITestResult)[pri:0, instance:test.AddUserPageTest@2d52216b]" started-at="2024-07-02T16:05:39 IST" name="closeBrowser" finished-at="2024-07-02T16:05:39 IST" duration-ms="258" status="PASS">
          <params>
            <param index="0">
              <value>
                <![CDATA[[TestResult name=verifyAddUser status=SUCCESS method=AddUserPageTest.verifyAddUser()[pri:0, instance:test.AddUserPageTest@2d52216b] output={null}]]]>
              </value>
            </param>
          </params>
          <reporter-output>
          </reporter-output>
        </test-method> <!-- closeBrowser -->
        <test-method is-config="true" signature="setUp(java.lang.String)[pri:0, instance:test.AddUserPageTest@2d52216b]" started-at="2024-07-02T16:05:39 IST" name="setUp" finished-at="2024-07-02T16:06:16 IST" duration-ms="36910" status="PASS">
          <params>
            <param index="0">
              <value>
                <![CDATA[Chrome]]>
              </value>
            </param>
          </params>
          <reporter-output>
          </reporter-output>
        </test-method> <!-- setUp -->
        <test-method signature="verifyNewlyRegisteredUser()[pri:0, instance:test.AddUserPageTest@2d52216b]" started-at="2024-07-02T16:06:16 IST" name="verifyNewlyRegisteredUser" finished-at="2024-07-02T16:07:18 IST" duration-ms="62412" status="PASS">
          <reporter-output>
          </reporter-output>
        </test-method> <!-- verifyNewlyRegisteredUser -->
        <test-method is-config="true" signature="closeBrowser(org.testng.ITestResult)[pri:0, instance:test.AddUserPageTest@2d52216b]" started-at="2024-07-02T16:07:18 IST" name="closeBrowser" finished-at="2024-07-02T16:07:19 IST" duration-ms="220" status="PASS">
          <params>
            <param index="0">
              <value>
                <![CDATA[[TestResult name=verifyNewlyRegisteredUser status=SUCCESS method=AddUserPageTest.verifyNewlyRegisteredUser()[pri:0, instance:test.AddUserPageTest@2d52216b] output={null}]]]>
              </value>
            </param>
          </params>
          <reporter-output>
          </reporter-output>
        </test-method> <!-- closeBrowser -->
      </class> <!-- test.AddUserPageTest -->
      <class name="test.UserManagementPageTest">
        <test-method is-config="true" signature="setUp(java.lang.String)[pri:0, instance:test.UserManagementPageTest@783a467b]" started-at="2024-07-02T15:54:23 IST" name="setUp" finished-at="2024-07-02T15:54:50 IST" duration-ms="26921" status="PASS">
          <params>
            <param index="0">
              <value>
                <![CDATA[Chrome]]>
              </value>
            </param>
          </params>
          <reporter-output>
          </reporter-output>
        </test-method> <!-- setUp -->
        <test-method signature="verifyUsersOptionIsEnabled()[pri:0, instance:test.UserManagementPageTest@783a467b]" started-at="2024-07-02T15:54:50 IST" name="verifyUsersOptionIsEnabled" finished-at="2024-07-02T15:55:02 IST" duration-ms="11863" status="PASS">
          <reporter-output>
          </reporter-output>
        </test-method> <!-- verifyUsersOptionIsEnabled -->
        <test-method is-config="true" signature="closeBrowser(org.testng.ITestResult)[pri:0, instance:test.UserManagementPageTest@783a467b]" started-at="2024-07-02T15:55:02 IST" name="closeBrowser" finished-at="2024-07-02T15:55:02 IST" duration-ms="333" status="PASS">
          <params>
            <param index="0">
              <value>
                <![CDATA[[TestResult name=verifyUsersOptionIsEnabled status=SUCCESS method=UserManagementPageTest.verifyUsersOptionIsEnabled()[pri:0, instance:test.UserManagementPageTest@783a467b] output={null}]]]>
              </value>
            </param>
          </params>
          <reporter-output>
          </reporter-output>
        </test-method> <!-- closeBrowser -->
      </class> <!-- test.UserManagementPageTest -->
    </test> <!-- Report Test -->
  </suite> <!-- Functional Suite -->
</testng-results>
